<?xml version="1.0" encoding="UTF-8"?>
<testng-results skipped="0" failed="0" ignored="0" total="7" passed="7">
  <reporter-output>
    <line>
      <![CDATA[Accepting all cookies : Proxy element for: DefaultElementLocator 'By.xpath: //button[@id='save']']]>
    </line>
    <line>
      <![CDATA[Entering Job Title : [[ChromeDriver: chrome on WINDOWS (3f4a9bd79ff3bd28c34163957c43de09)] -> xpath: (//input[@id='keywords'])[1]]]]>
    </line>
    <line>
      <![CDATA[Entering Location : [[ChromeDriver: chrome on WINDOWS (3f4a9bd79ff3bd28c34163957c43de09)] -> xpath: //input[@id='location']]]]>
    </line>
    <line>
      <![CDATA[Selecting Distance : [[ChromeDriver: chrome on WINDOWS (3f4a9bd79ff3bd28c34163957c43de09)] -> xpath: //select[@id='distance']]]]>
    </line>
    <line>
      <![CDATA[Clicking on More Search Options : [[ChromeDriver: chrome on WINDOWS (3f4a9bd79ff3bd28c34163957c43de09)] -> xpath: //button[@id='toggle-hp-search']]]]>
    </line>
    <line>
      <![CDATA[Entering Min Salary : [[ChromeDriver: chrome on WINDOWS (3f4a9bd79ff3bd28c34163957c43de09)] -> xpath: //input[@id='salarymin']]]]>
    </line>
    <line>
      <![CDATA[Entering Max Salary : [[ChromeDriver: chrome on WINDOWS (3f4a9bd79ff3bd28c34163957c43de09)] -> xpath: //input[@id='salarymax']]]]>
    </line>
    <line>
      <![CDATA[Selecting Salary Type : Per annum]]>
    </line>
    <line>
      <![CDATA[Selecting Job Type : Permanent]]>
    </line>
    <line>
      <![CDATA[Clicking on Find Job Button : [[ChromeDriver: chrome on WINDOWS (3f4a9bd79ff3bd28c34163957c43de09)] -> xpath: //input[@id='hp-search-btn']]]]>
    </line>
    <line>
      <![CDATA[Verifying Test Results [[ChromeDriver: chrome on WINDOWS (3f4a9bd79ff3bd28c34163957c43de09)] -> xpath: //h1[@class='search-header__title']]]]>
    </line>
    <line>
      <![CDATA[Accepting all cookies : Proxy element for: DefaultElementLocator 'By.xpath: //button[@id='save']']]>
    </line>
    <line>
      <![CDATA[Entering Job Title : [[ChromeDriver: chrome on WINDOWS (1695b299c0fbc8fa814e6378950931e5)] -> xpath: (//input[@id='keywords'])[1]]]]>
    </line>
    <line>
      <![CDATA[Entering Location : [[ChromeDriver: chrome on WINDOWS (1695b299c0fbc8fa814e6378950931e5)] -> xpath: //input[@id='location']]]]>
    </line>
    <line>
      <![CDATA[Selecting Distance : [[ChromeDriver: chrome on WINDOWS (1695b299c0fbc8fa814e6378950931e5)] -> xpath: //select[@id='distance']]]]>
    </line>
    <line>
      <![CDATA[Clicking on More Search Options : [[ChromeDriver: chrome on WINDOWS (1695b299c0fbc8fa814e6378950931e5)] -> xpath: //button[@id='toggle-hp-search']]]]>
    </line>
    <line>
      <![CDATA[Entering Min Salary : [[ChromeDriver: chrome on WINDOWS (1695b299c0fbc8fa814e6378950931e5)] -> xpath: //input[@id='salarymin']]]]>
    </line>
    <line>
      <![CDATA[Entering Max Salary : [[ChromeDriver: chrome on WINDOWS (1695b299c0fbc8fa814e6378950931e5)] -> xpath: //input[@id='salarymax']]]]>
    </line>
    <line>
      <![CDATA[Selecting Salary Type : Per annum]]>
    </line>
    <line>
      <![CDATA[Selecting Job Type : Contract]]>
    </line>
    <line>
      <![CDATA[Clicking on Find Job Button : [[ChromeDriver: chrome on WINDOWS (1695b299c0fbc8fa814e6378950931e5)] -> xpath: //input[@id='hp-search-btn']]]]>
    </line>
    <line>
      <![CDATA[Verifying Test Results [[ChromeDriver: chrome on WINDOWS (1695b299c0fbc8fa814e6378950931e5)] -> xpath: //h1[@class='search-header__title']]]]>
    </line>
    <line>
      <![CDATA[Accepting all cookies : Proxy element for: DefaultElementLocator 'By.xpath: //button[@id='save']']]>
    </line>
    <line>
      <![CDATA[Entering Job Title : [[ChromeDriver: chrome on WINDOWS (4698a2ba0a84c43e63deddc3be01249c)] -> xpath: (//input[@id='keywords'])[1]]]]>
    </line>
    <line>
      <![CDATA[Entering Location : [[ChromeDriver: chrome on WINDOWS (4698a2ba0a84c43e63deddc3be01249c)] -> xpath: //input[@id='location']]]]>
    </line>
    <line>
      <![CDATA[Selecting Distance : [[ChromeDriver: chrome on WINDOWS (4698a2ba0a84c43e63deddc3be01249c)] -> xpath: //select[@id='distance']]]]>
    </line>
    <line>
      <![CDATA[Clicking on More Search Options : [[ChromeDriver: chrome on WINDOWS (4698a2ba0a84c43e63deddc3be01249c)] -> xpath: //button[@id='toggle-hp-search']]]]>
    </line>
    <line>
      <![CDATA[Entering Min Salary : [[ChromeDriver: chrome on WINDOWS (4698a2ba0a84c43e63deddc3be01249c)] -> xpath: //input[@id='salarymin']]]]>
    </line>
    <line>
      <![CDATA[Entering Max Salary : [[ChromeDriver: chrome on WINDOWS (4698a2ba0a84c43e63deddc3be01249c)] -> xpath: //input[@id='salarymax']]]]>
    </line>
    <line>
      <![CDATA[Selecting Salary Type : Per day]]>
    </line>
    <line>
      <![CDATA[Selecting Job Type : Contract]]>
    </line>
    <line>
      <![CDATA[Clicking on Find Job Button : [[ChromeDriver: chrome on WINDOWS (4698a2ba0a84c43e63deddc3be01249c)] -> xpath: //input[@id='hp-search-btn']]]]>
    </line>
    <line>
      <![CDATA[Verifying Test Results [[ChromeDriver: chrome on WINDOWS (4698a2ba0a84c43e63deddc3be01249c)] -> xpath: //h1[@class='search-header__title']]]]>
    </line>
    <line>
      <![CDATA[Accepting all cookies : Proxy element for: DefaultElementLocator 'By.xpath: //button[@id='save']']]>
    </line>
    <line>
      <![CDATA[Entering Job Title : [[ChromeDriver: chrome on WINDOWS (4ee2cf57ed0c26174de13fde446622d2)] -> xpath: (//input[@id='keywords'])[1]]]]>
    </line>
    <line>
      <![CDATA[Entering Location : [[ChromeDriver: chrome on WINDOWS (4ee2cf57ed0c26174de13fde446622d2)] -> xpath: //input[@id='location']]]]>
    </line>
    <line>
      <![CDATA[Selecting Distance : [[ChromeDriver: chrome on WINDOWS (4ee2cf57ed0c26174de13fde446622d2)] -> xpath: //select[@id='distance']]]]>
    </line>
    <line>
      <![CDATA[Clicking on More Search Options : [[ChromeDriver: chrome on WINDOWS (4ee2cf57ed0c26174de13fde446622d2)] -> xpath: //button[@id='toggle-hp-search']]]]>
    </line>
    <line>
      <![CDATA[Entering Min Salary : [[ChromeDriver: chrome on WINDOWS (4ee2cf57ed0c26174de13fde446622d2)] -> xpath: //input[@id='salarymin']]]]>
    </line>
    <line>
      <![CDATA[Entering Max Salary : [[ChromeDriver: chrome on WINDOWS (4ee2cf57ed0c26174de13fde446622d2)] -> xpath: //input[@id='salarymax']]]]>
    </line>
    <line>
      <![CDATA[Selecting Salary Type : Per annum]]>
    </line>
    <line>
      <![CDATA[Selecting Job Type : Permanent]]>
    </line>
    <line>
      <![CDATA[Clicking on Find Job Button : [[ChromeDriver: chrome on WINDOWS (4ee2cf57ed0c26174de13fde446622d2)] -> xpath: //input[@id='hp-search-btn']]]]>
    </line>
    <line>
      <![CDATA[Verifying Test Results [[ChromeDriver: chrome on WINDOWS (4ee2cf57ed0c26174de13fde446622d2)] -> xpath: //h1[@class='search-header__title']]]]>
    </line>
    <line>
      <![CDATA[Accepting all cookies : Proxy element for: DefaultElementLocator 'By.xpath: //button[@id='save']']]>
    </line>
    <line>
      <![CDATA[Entering Job Title : [[ChromeDriver: chrome on WINDOWS (fb9a8f03cecfa2b4e6ffa80a22e7b84f)] -> xpath: (//input[@id='keywords'])[1]]]]>
    </line>
    <line>
      <![CDATA[Entering Location : [[ChromeDriver: chrome on WINDOWS (fb9a8f03cecfa2b4e6ffa80a22e7b84f)] -> xpath: //input[@id='location']]]]>
    </line>
    <line>
      <![CDATA[Selecting Distance : [[ChromeDriver: chrome on WINDOWS (fb9a8f03cecfa2b4e6ffa80a22e7b84f)] -> xpath: //select[@id='distance']]]]>
    </line>
    <line>
      <![CDATA[Clicking on More Search Options : [[ChromeDriver: chrome on WINDOWS (fb9a8f03cecfa2b4e6ffa80a22e7b84f)] -> xpath: //button[@id='toggle-hp-search']]]]>
    </line>
    <line>
      <![CDATA[Entering Min Salary : [[ChromeDriver: chrome on WINDOWS (fb9a8f03cecfa2b4e6ffa80a22e7b84f)] -> xpath: //input[@id='salarymin']]]]>
    </line>
    <line>
      <![CDATA[Entering Max Salary : [[ChromeDriver: chrome on WINDOWS (fb9a8f03cecfa2b4e6ffa80a22e7b84f)] -> xpath: //input[@id='salarymax']]]]>
    </line>
    <line>
      <![CDATA[Selecting Salary Type : Per annum]]>
    </line>
    <line>
      <![CDATA[Selecting Job Type : Contract]]>
    </line>
    <line>
      <![CDATA[Clicking on Find Job Button : [[ChromeDriver: chrome on WINDOWS (fb9a8f03cecfa2b4e6ffa80a22e7b84f)] -> xpath: //input[@id='hp-search-btn']]]]>
    </line>
    <line>
      <![CDATA[Verifying Test Results [[ChromeDriver: chrome on WINDOWS (fb9a8f03cecfa2b4e6ffa80a22e7b84f)] -> xpath: //h1[@class='search-header__title']]]]>
    </line>
    <line>
      <![CDATA[Accepting all cookies : Proxy element for: DefaultElementLocator 'By.xpath: //button[@id='save']']]>
    </line>
    <line>
      <![CDATA[Entering Job Title : [[ChromeDriver: chrome on WINDOWS (55070f89926cbc1e09859fc142c0869c)] -> xpath: (//input[@id='keywords'])[1]]]]>
    </line>
    <line>
      <![CDATA[Entering Location : [[ChromeDriver: chrome on WINDOWS (55070f89926cbc1e09859fc142c0869c)] -> xpath: //input[@id='location']]]]>
    </line>
    <line>
      <![CDATA[Selecting Distance : [[ChromeDriver: chrome on WINDOWS (55070f89926cbc1e09859fc142c0869c)] -> xpath: //select[@id='distance']]]]>
    </line>
    <line>
      <![CDATA[Clicking on More Search Options : [[ChromeDriver: chrome on WINDOWS (55070f89926cbc1e09859fc142c0869c)] -> xpath: //button[@id='toggle-hp-search']]]]>
    </line>
    <line>
      <![CDATA[Entering Min Salary : [[ChromeDriver: chrome on WINDOWS (55070f89926cbc1e09859fc142c0869c)] -> xpath: //input[@id='salarymin']]]]>
    </line>
    <line>
      <![CDATA[Entering Max Salary : [[ChromeDriver: chrome on WINDOWS (55070f89926cbc1e09859fc142c0869c)] -> xpath: //input[@id='salarymax']]]]>
    </line>
    <line>
      <![CDATA[Selecting Salary Type : Per annum]]>
    </line>
    <line>
      <![CDATA[Selecting Job Type : Permanent]]>
    </line>
    <line>
      <![CDATA[Clicking on Find Job Button : [[ChromeDriver: chrome on WINDOWS (55070f89926cbc1e09859fc142c0869c)] -> xpath: //input[@id='hp-search-btn']]]]>
    </line>
    <line>
      <![CDATA[Verifying Test Results [[ChromeDriver: chrome on WINDOWS (55070f89926cbc1e09859fc142c0869c)] -> xpath: //h1[@class='search-header__title']]]]>
    </line>
    <line>
      <![CDATA[Accepting all cookies : Proxy element for: DefaultElementLocator 'By.xpath: //button[@id='save']']]>
    </line>
    <line>
      <![CDATA[Entering Job Title : [[ChromeDriver: chrome on WINDOWS (0087f0afb93475d1b1537715ba5d204a)] -> xpath: (//input[@id='keywords'])[1]]]]>
    </line>
    <line>
      <![CDATA[Entering Location : [[ChromeDriver: chrome on WINDOWS (0087f0afb93475d1b1537715ba5d204a)] -> xpath: //input[@id='location']]]]>
    </line>
    <line>
      <![CDATA[Selecting Distance : [[ChromeDriver: chrome on WINDOWS (0087f0afb93475d1b1537715ba5d204a)] -> xpath: //select[@id='distance']]]]>
    </line>
    <line>
      <![CDATA[Clicking on More Search Options : [[ChromeDriver: chrome on WINDOWS (0087f0afb93475d1b1537715ba5d204a)] -> xpath: //button[@id='toggle-hp-search']]]]>
    </line>
    <line>
      <![CDATA[Entering Min Salary : [[ChromeDriver: chrome on WINDOWS (0087f0afb93475d1b1537715ba5d204a)] -> xpath: //input[@id='salarymin']]]]>
    </line>
    <line>
      <![CDATA[Entering Max Salary : [[ChromeDriver: chrome on WINDOWS (0087f0afb93475d1b1537715ba5d204a)] -> xpath: //input[@id='salarymax']]]]>
    </line>
    <line>
      <![CDATA[Selecting Salary Type : Per day]]>
    </line>
    <line>
      <![CDATA[Selecting Job Type : Contract]]>
    </line>
    <line>
      <![CDATA[Clicking on Find Job Button : [[ChromeDriver: chrome on WINDOWS (0087f0afb93475d1b1537715ba5d204a)] -> xpath: //input[@id='hp-search-btn']]]]>
    </line>
    <line>
      <![CDATA[Verifying Test Results [[ChromeDriver: chrome on WINDOWS (0087f0afb93475d1b1537715ba5d204a)] -> xpath: //h1[@class='search-header__title']]]]>
    </line>
  </reporter-output>
  <suite name="Regression Suite" duration-ms="384776" started-at="2022-05-10T21:08:00 BST" finished-at="2022-05-10T21:14:25 BST">
    <groups>
      <group name="regression">
        <method signature="JobSearchTest.verifyJobSearchResultUsingDifferentDataSet1(java.lang.String,java.lang.String,java.lang.String,java.lang.String,java.lang.String,java.lang.String,java.lang.String,java.lang.String)[pri:0, instance:uk.co.library.testsuite.JobSearchTest@1f7030a6]" name="verifyJobSearchResultUsingDifferentDataSet1" class="uk.co.library.testsuite.JobSearchTest"/>
      </group> <!-- regression -->
      <group name="smoke">
        <method signature="JobSearchTest.verifyJobSearchResultUsingDifferentDataSet1(java.lang.String,java.lang.String,java.lang.String,java.lang.String,java.lang.String,java.lang.String,java.lang.String,java.lang.String)[pri:0, instance:uk.co.library.testsuite.JobSearchTest@1f7030a6]" name="verifyJobSearchResultUsingDifferentDataSet1" class="uk.co.library.testsuite.JobSearchTest"/>
      </group> <!-- smoke -->
      <group name="sanity">
        <method signature="JobSearchTest.verifyJobSearchResultUsingDifferentDataSet1(java.lang.String,java.lang.String,java.lang.String,java.lang.String,java.lang.String,java.lang.String,java.lang.String,java.lang.String)[pri:0, instance:uk.co.library.testsuite.JobSearchTest@1f7030a6]" name="verifyJobSearchResultUsingDifferentDataSet1" class="uk.co.library.testsuite.JobSearchTest"/>
      </group> <!-- sanity -->
    </groups>
    <test name="regression" duration-ms="384776" started-at="2022-05-10T21:08:00 BST" finished-at="2022-05-10T21:14:25 BST">
      <class name="uk.co.library.testsuite.JobSearchTest">
        <test-method status="PASS" signature="setUp()[pri:0, instance:uk.co.library.testsuite.JobSearchTest@1f7030a6]" name="setUp" is-config="true" duration-ms="8126" started-at="2022-05-10T21:08:01 BST" finished-at="2022-05-10T21:08:09 BST">
          <reporter-output>
          </reporter-output>
        </test-method> <!-- setUp -->
        <test-method status="PASS" signature="inIt()[pri:0, instance:uk.co.library.testsuite.JobSearchTest@1f7030a6]" name="inIt" is-config="true" duration-ms="76" started-at="2022-05-10T21:08:09 BST" finished-at="2022-05-10T21:08:09 BST">
          <reporter-output>
          </reporter-output>
        </test-method> <!-- inIt -->
        <test-method status="PASS" signature="verifyJobSearchResultUsingDifferentDataSet1(java.lang.String,java.lang.String,java.lang.String,java.lang.String,java.lang.String,java.lang.String,java.lang.String,java.lang.String)[pri:0, instance:uk.co.library.testsuite.JobSearchTest@1f7030a6]" name="verifyJobSearchResultUsingDifferentDataSet1" duration-ms="47403" started-at="2022-05-10T21:08:09 BST" data-provider="jobData" finished-at="2022-05-10T21:08:56 BST">
          <params>
            <param index="0">
              <value>
                <![CDATA[Tester]]>
              </value>
            </param>
            <param index="1">
              <value>
                <![CDATA[Harrow]]>
              </value>
            </param>
            <param index="2">
              <value>
                <![CDATA[up to 5 miles]]>
              </value>
            </param>
            <param index="3">
              <value>
                <![CDATA[30000]]>
              </value>
            </param>
            <param index="4">
              <value>
                <![CDATA[500000]]>
              </value>
            </param>
            <param index="5">
              <value>
                <![CDATA[Per annum]]>
              </value>
            </param>
            <param index="6">
              <value>
                <![CDATA[Permanent]]>
              </value>
            </param>
            <param index="7">
              <value>
                <![CDATA[Permanent Tester jobs in Harrow on the Hill]]>
              </value>
            </param>
          </params>
          <reporter-output>
            <line>
              <![CDATA[Accepting all cookies : Proxy element for: DefaultElementLocator 'By.xpath: //button[@id='save']']]>
            </line>
            <line>
              <![CDATA[Entering Job Title : [[ChromeDriver: chrome on WINDOWS (3f4a9bd79ff3bd28c34163957c43de09)] -> xpath: (//input[@id='keywords'])[1]]]]>
            </line>
            <line>
              <![CDATA[Entering Location : [[ChromeDriver: chrome on WINDOWS (3f4a9bd79ff3bd28c34163957c43de09)] -> xpath: //input[@id='location']]]]>
            </line>
            <line>
              <![CDATA[Selecting Distance : [[ChromeDriver: chrome on WINDOWS (3f4a9bd79ff3bd28c34163957c43de09)] -> xpath: //select[@id='distance']]]]>
            </line>
            <line>
              <![CDATA[Clicking on More Search Options : [[ChromeDriver: chrome on WINDOWS (3f4a9bd79ff3bd28c34163957c43de09)] -> xpath: //button[@id='toggle-hp-search']]]]>
            </line>
            <line>
              <![CDATA[Entering Min Salary : [[ChromeDriver: chrome on WINDOWS (3f4a9bd79ff3bd28c34163957c43de09)] -> xpath: //input[@id='salarymin']]]]>
            </line>
            <line>
              <![CDATA[Entering Max Salary : [[ChromeDriver: chrome on WINDOWS (3f4a9bd79ff3bd28c34163957c43de09)] -> xpath: //input[@id='salarymax']]]]>
            </line>
            <line>
              <![CDATA[Selecting Salary Type : Per annum]]>
            </line>
            <line>
              <![CDATA[Selecting Job Type : Permanent]]>
            </line>
            <line>
              <![CDATA[Clicking on Find Job Button : [[ChromeDriver: chrome on WINDOWS (3f4a9bd79ff3bd28c34163957c43de09)] -> xpath: //input[@id='hp-search-btn']]]]>
            </line>
            <line>
              <![CDATA[Verifying Test Results [[ChromeDriver: chrome on WINDOWS (3f4a9bd79ff3bd28c34163957c43de09)] -> xpath: //h1[@class='search-header__title']]]]>
            </line>
          </reporter-output>
        </test-method> <!-- verifyJobSearchResultUsingDifferentDataSet1 -->
        <test-method status="PASS" signature="tearDown()[pri:0, instance:uk.co.library.testsuite.JobSearchTest@1f7030a6]" name="tearDown" is-config="true" duration-ms="1113" started-at="2022-05-10T21:08:56 BST" finished-at="2022-05-10T21:08:57 BST">
          <reporter-output>
          </reporter-output>
        </test-method> <!-- tearDown -->
        <test-method status="PASS" signature="setUp()[pri:0, instance:uk.co.library.testsuite.JobSearchTest@1f7030a6]" name="setUp" is-config="true" duration-ms="4101" started-at="2022-05-10T21:08:57 BST" finished-at="2022-05-10T21:09:01 BST">
          <reporter-output>
          </reporter-output>
        </test-method> <!-- setUp -->
        <test-method status="PASS" signature="inIt()[pri:0, instance:uk.co.library.testsuite.JobSearchTest@1f7030a6]" name="inIt" is-config="true" duration-ms="4" started-at="2022-05-10T21:09:01 BST" finished-at="2022-05-10T21:09:01 BST">
          <reporter-output>
          </reporter-output>
        </test-method> <!-- inIt -->
        <test-method status="PASS" signature="verifyJobSearchResultUsingDifferentDataSet1(java.lang.String,java.lang.String,java.lang.String,java.lang.String,java.lang.String,java.lang.String,java.lang.String,java.lang.String)[pri:0, instance:uk.co.library.testsuite.JobSearchTest@1f7030a6]" name="verifyJobSearchResultUsingDifferentDataSet1" duration-ms="48314" started-at="2022-05-10T21:09:01 BST" data-provider="jobData" finished-at="2022-05-10T21:09:50 BST">
          <params>
            <param index="0">
              <value>
                <![CDATA[Test Analyst]]>
              </value>
            </param>
            <param index="1">
              <value>
                <![CDATA[London]]>
              </value>
            </param>
            <param index="2">
              <value>
                <![CDATA[up to 15 miles]]>
              </value>
            </param>
            <param index="3">
              <value>
                <![CDATA[40000]]>
              </value>
            </param>
            <param index="4">
              <value>
                <![CDATA[50000]]>
              </value>
            </param>
            <param index="5">
              <value>
                <![CDATA[Per annum]]>
              </value>
            </param>
            <param index="6">
              <value>
                <![CDATA[Contract]]>
              </value>
            </param>
            <param index="7">
              <value>
                <![CDATA[Contract Test Analyst jobs in London]]>
              </value>
            </param>
          </params>
          <reporter-output>
            <line>
              <![CDATA[Accepting all cookies : Proxy element for: DefaultElementLocator 'By.xpath: //button[@id='save']']]>
            </line>
            <line>
              <![CDATA[Entering Job Title : [[ChromeDriver: chrome on WINDOWS (1695b299c0fbc8fa814e6378950931e5)] -> xpath: (//input[@id='keywords'])[1]]]]>
            </line>
            <line>
              <![CDATA[Entering Location : [[ChromeDriver: chrome on WINDOWS (1695b299c0fbc8fa814e6378950931e5)] -> xpath: //input[@id='location']]]]>
            </line>
            <line>
              <![CDATA[Selecting Distance : [[ChromeDriver: chrome on WINDOWS (1695b299c0fbc8fa814e6378950931e5)] -> xpath: //select[@id='distance']]]]>
            </line>
            <line>
              <![CDATA[Clicking on More Search Options : [[ChromeDriver: chrome on WINDOWS (1695b299c0fbc8fa814e6378950931e5)] -> xpath: //button[@id='toggle-hp-search']]]]>
            </line>
            <line>
              <![CDATA[Entering Min Salary : [[ChromeDriver: chrome on WINDOWS (1695b299c0fbc8fa814e6378950931e5)] -> xpath: //input[@id='salarymin']]]]>
            </line>
            <line>
              <![CDATA[Entering Max Salary : [[ChromeDriver: chrome on WINDOWS (1695b299c0fbc8fa814e6378950931e5)] -> xpath: //input[@id='salarymax']]]]>
            </line>
            <line>
              <![CDATA[Selecting Salary Type : Per annum]]>
            </line>
            <line>
              <![CDATA[Selecting Job Type : Contract]]>
            </line>
            <line>
              <![CDATA[Clicking on Find Job Button : [[ChromeDriver: chrome on WINDOWS (1695b299c0fbc8fa814e6378950931e5)] -> xpath: //input[@id='hp-search-btn']]]]>
            </line>
            <line>
              <![CDATA[Verifying Test Results [[ChromeDriver: chrome on WINDOWS (1695b299c0fbc8fa814e6378950931e5)] -> xpath: //h1[@class='search-header__title']]]]>
            </line>
          </reporter-output>
        </test-method> <!-- verifyJobSearchResultUsingDifferentDataSet1 -->
        <test-method status="PASS" signature="tearDown()[pri:0, instance:uk.co.library.testsuite.JobSearchTest@1f7030a6]" name="tearDown" is-config="true" duration-ms="1034" started-at="2022-05-10T21:09:50 BST" finished-at="2022-05-10T21:09:51 BST">
          <reporter-output>
          </reporter-output>
        </test-method> <!-- tearDown -->
        <test-method status="PASS" signature="setUp()[pri:0, instance:uk.co.library.testsuite.JobSearchTest@1f7030a6]" name="setUp" is-config="true" duration-ms="9230" started-at="2022-05-10T21:09:51 BST" finished-at="2022-05-10T21:10:00 BST">
          <reporter-output>
          </reporter-output>
        </test-method> <!-- setUp -->
        <test-method status="PASS" signature="inIt()[pri:0, instance:uk.co.library.testsuite.JobSearchTest@1f7030a6]" name="inIt" is-config="true" duration-ms="265" started-at="2022-05-10T21:10:00 BST" finished-at="2022-05-10T21:10:00 BST">
          <reporter-output>
          </reporter-output>
        </test-method> <!-- inIt -->
        <test-method status="PASS" signature="verifyJobSearchResultUsingDifferentDataSet1(java.lang.String,java.lang.String,java.lang.String,java.lang.String,java.lang.String,java.lang.String,java.lang.String,java.lang.String)[pri:0, instance:uk.co.library.testsuite.JobSearchTest@1f7030a6]" name="verifyJobSearchResultUsingDifferentDataSet1" duration-ms="50370" started-at="2022-05-10T21:10:00 BST" data-provider="jobData" finished-at="2022-05-10T21:10:51 BST">
          <params>
            <param index="0">
              <value>
                <![CDATA[IT]]>
              </value>
            </param>
            <param index="1">
              <value>
                <![CDATA[Harrow]]>
              </value>
            </param>
            <param index="2">
              <value>
                <![CDATA[up to 7 miles]]>
              </value>
            </param>
            <param index="3">
              <value>
                <![CDATA[400]]>
              </value>
            </param>
            <param index="4">
              <value>
                <![CDATA[600]]>
              </value>
            </param>
            <param index="5">
              <value>
                <![CDATA[Per day]]>
              </value>
            </param>
            <param index="6">
              <value>
                <![CDATA[Contract]]>
              </value>
            </param>
            <param index="7">
              <value>
                <![CDATA[It jobs in Harrow on the Hill]]>
              </value>
            </param>
          </params>
          <reporter-output>
            <line>
              <![CDATA[Accepting all cookies : Proxy element for: DefaultElementLocator 'By.xpath: //button[@id='save']']]>
            </line>
            <line>
              <![CDATA[Entering Job Title : [[ChromeDriver: chrome on WINDOWS (4698a2ba0a84c43e63deddc3be01249c)] -> xpath: (//input[@id='keywords'])[1]]]]>
            </line>
            <line>
              <![CDATA[Entering Location : [[ChromeDriver: chrome on WINDOWS (4698a2ba0a84c43e63deddc3be01249c)] -> xpath: //input[@id='location']]]]>
            </line>
            <line>
              <![CDATA[Selecting Distance : [[ChromeDriver: chrome on WINDOWS (4698a2ba0a84c43e63deddc3be01249c)] -> xpath: //select[@id='distance']]]]>
            </line>
            <line>
              <![CDATA[Clicking on More Search Options : [[ChromeDriver: chrome on WINDOWS (4698a2ba0a84c43e63deddc3be01249c)] -> xpath: //button[@id='toggle-hp-search']]]]>
            </line>
            <line>
              <![CDATA[Entering Min Salary : [[ChromeDriver: chrome on WINDOWS (4698a2ba0a84c43e63deddc3be01249c)] -> xpath: //input[@id='salarymin']]]]>
            </line>
            <line>
              <![CDATA[Entering Max Salary : [[ChromeDriver: chrome on WINDOWS (4698a2ba0a84c43e63deddc3be01249c)] -> xpath: //input[@id='salarymax']]]]>
            </line>
            <line>
              <![CDATA[Selecting Salary Type : Per day]]>
            </line>
            <line>
              <![CDATA[Selecting Job Type : Contract]]>
            </line>
            <line>
              <![CDATA[Clicking on Find Job Button : [[ChromeDriver: chrome on WINDOWS (4698a2ba0a84c43e63deddc3be01249c)] -> xpath: //input[@id='hp-search-btn']]]]>
            </line>
            <line>
              <![CDATA[Verifying Test Results [[ChromeDriver: chrome on WINDOWS (4698a2ba0a84c43e63deddc3be01249c)] -> xpath: //h1[@class='search-header__title']]]]>
            </line>
          </reporter-output>
        </test-method> <!-- verifyJobSearchResultUsingDifferentDataSet1 -->
        <test-method status="PASS" signature="tearDown()[pri:0, instance:uk.co.library.testsuite.JobSearchTest@1f7030a6]" name="tearDown" is-config="true" duration-ms="1361" started-at="2022-05-10T21:10:51 BST" finished-at="2022-05-10T21:10:52 BST">
          <reporter-output>
          </reporter-output>
        </test-method> <!-- tearDown -->
        <test-method status="PASS" signature="setUp()[pri:0, instance:uk.co.library.testsuite.JobSearchTest@1f7030a6]" name="setUp" is-config="true" duration-ms="5513" started-at="2022-05-10T21:10:52 BST" finished-at="2022-05-10T21:10:58 BST">
          <reporter-output>
          </reporter-output>
        </test-method> <!-- setUp -->
        <test-method status="PASS" signature="inIt()[pri:0, instance:uk.co.library.testsuite.JobSearchTest@1f7030a6]" name="inIt" is-config="true" duration-ms="2" started-at="2022-05-10T21:10:58 BST" finished-at="2022-05-10T21:10:58 BST">
          <reporter-output>
          </reporter-output>
        </test-method> <!-- inIt -->
        <test-method status="PASS" signature="verifyJobSearchResultUsingDifferentDataSet1(java.lang.String,java.lang.String,java.lang.String,java.lang.String,java.lang.String,java.lang.String,java.lang.String,java.lang.String)[pri:0, instance:uk.co.library.testsuite.JobSearchTest@1f7030a6]" name="verifyJobSearchResultUsingDifferentDataSet1" duration-ms="47997" started-at="2022-05-10T21:10:58 BST" data-provider="jobData" finished-at="2022-05-10T21:11:46 BST">
          <params>
            <param index="0">
              <value>
                <![CDATA[Automation Engineer]]>
              </value>
            </param>
            <param index="1">
              <value>
                <![CDATA[Birmingham, Greater London]]>
              </value>
            </param>
            <param index="2">
              <value>
                <![CDATA[up to 5 miles]]>
              </value>
            </param>
            <param index="3">
              <value>
                <![CDATA[30000]]>
              </value>
            </param>
            <param index="4">
              <value>
                <![CDATA[60000]]>
              </value>
            </param>
            <param index="5">
              <value>
                <![CDATA[Per annum]]>
              </value>
            </param>
            <param index="6">
              <value>
                <![CDATA[Permanent]]>
              </value>
            </param>
            <param index="7">
              <value>
                <![CDATA[Permanent Accountant jobs in Birmingham]]>
              </value>
            </param>
          </params>
          <reporter-output>
            <line>
              <![CDATA[Accepting all cookies : Proxy element for: DefaultElementLocator 'By.xpath: //button[@id='save']']]>
            </line>
            <line>
              <![CDATA[Entering Job Title : [[ChromeDriver: chrome on WINDOWS (4ee2cf57ed0c26174de13fde446622d2)] -> xpath: (//input[@id='keywords'])[1]]]]>
            </line>
            <line>
              <![CDATA[Entering Location : [[ChromeDriver: chrome on WINDOWS (4ee2cf57ed0c26174de13fde446622d2)] -> xpath: //input[@id='location']]]]>
            </line>
            <line>
              <![CDATA[Selecting Distance : [[ChromeDriver: chrome on WINDOWS (4ee2cf57ed0c26174de13fde446622d2)] -> xpath: //select[@id='distance']]]]>
            </line>
            <line>
              <![CDATA[Clicking on More Search Options : [[ChromeDriver: chrome on WINDOWS (4ee2cf57ed0c26174de13fde446622d2)] -> xpath: //button[@id='toggle-hp-search']]]]>
            </line>
            <line>
              <![CDATA[Entering Min Salary : [[ChromeDriver: chrome on WINDOWS (4ee2cf57ed0c26174de13fde446622d2)] -> xpath: //input[@id='salarymin']]]]>
            </line>
            <line>
              <![CDATA[Entering Max Salary : [[ChromeDriver: chrome on WINDOWS (4ee2cf57ed0c26174de13fde446622d2)] -> xpath: //input[@id='salarymax']]]]>
            </line>
            <line>
              <![CDATA[Selecting Salary Type : Per annum]]>
            </line>
            <line>
              <![CDATA[Selecting Job Type : Permanent]]>
            </line>
            <line>
              <![CDATA[Clicking on Find Job Button : [[ChromeDriver: chrome on WINDOWS (4ee2cf57ed0c26174de13fde446622d2)] -> xpath: //input[@id='hp-search-btn']]]]>
            </line>
            <line>
              <![CDATA[Verifying Test Results [[ChromeDriver: chrome on WINDOWS (4ee2cf57ed0c26174de13fde446622d2)] -> xpath: //h1[@class='search-header__title']]]]>
            </line>
          </reporter-output>
        </test-method> <!-- verifyJobSearchResultUsingDifferentDataSet1 -->
        <test-method status="PASS" signature="tearDown()[pri:0, instance:uk.co.library.testsuite.JobSearchTest@1f7030a6]" name="tearDown" is-config="true" duration-ms="1220" started-at="2022-05-10T21:11:46 BST" finished-at="2022-05-10T21:11:47 BST">
          <reporter-output>
          </reporter-output>
        </test-method> <!-- tearDown -->
        <test-method status="PASS" signature="setUp()[pri:0, instance:uk.co.library.testsuite.JobSearchTest@1f7030a6]" name="setUp" is-config="true" duration-ms="4447" started-at="2022-05-10T21:11:47 BST" finished-at="2022-05-10T21:11:51 BST">
          <reporter-output>
          </reporter-output>
        </test-method> <!-- setUp -->
        <test-method status="PASS" signature="inIt()[pri:0, instance:uk.co.library.testsuite.JobSearchTest@1f7030a6]" name="inIt" is-config="true" duration-ms="3" started-at="2022-05-10T21:11:51 BST" finished-at="2022-05-10T21:11:51 BST">
          <reporter-output>
          </reporter-output>
        </test-method> <!-- inIt -->
        <test-method status="PASS" signature="verifyJobSearchResultUsingDifferentDataSet1(java.lang.String,java.lang.String,java.lang.String,java.lang.String,java.lang.String,java.lang.String,java.lang.String,java.lang.String)[pri:0, instance:uk.co.library.testsuite.JobSearchTest@1f7030a6]" name="verifyJobSearchResultUsingDifferentDataSet1" duration-ms="46270" started-at="2022-05-10T21:11:51 BST" data-provider="jobData" finished-at="2022-05-10T21:12:37 BST">
          <params>
            <param index="0">
              <value>
                <![CDATA[Tester]]>
              </value>
            </param>
            <param index="1">
              <value>
                <![CDATA[Watford, Hertfordshire]]>
              </value>
            </param>
            <param index="2">
              <value>
                <![CDATA[up to 5 miles]]>
              </value>
            </param>
            <param index="3">
              <value>
                <![CDATA[40000]]>
              </value>
            </param>
            <param index="4">
              <value>
                <![CDATA[60000]]>
              </value>
            </param>
            <param index="5">
              <value>
                <![CDATA[Per annum]]>
              </value>
            </param>
            <param index="6">
              <value>
                <![CDATA[Contract]]>
              </value>
            </param>
            <param index="7">
              <value>
                <![CDATA[Contract Tester jobs in Watford]]>
              </value>
            </param>
          </params>
          <reporter-output>
            <line>
              <![CDATA[Accepting all cookies : Proxy element for: DefaultElementLocator 'By.xpath: //button[@id='save']']]>
            </line>
            <line>
              <![CDATA[Entering Job Title : [[ChromeDriver: chrome on WINDOWS (fb9a8f03cecfa2b4e6ffa80a22e7b84f)] -> xpath: (//input[@id='keywords'])[1]]]]>
            </line>
            <line>
              <![CDATA[Entering Location : [[ChromeDriver: chrome on WINDOWS (fb9a8f03cecfa2b4e6ffa80a22e7b84f)] -> xpath: //input[@id='location']]]]>
            </line>
            <line>
              <![CDATA[Selecting Distance : [[ChromeDriver: chrome on WINDOWS (fb9a8f03cecfa2b4e6ffa80a22e7b84f)] -> xpath: //select[@id='distance']]]]>
            </line>
            <line>
              <![CDATA[Clicking on More Search Options : [[ChromeDriver: chrome on WINDOWS (fb9a8f03cecfa2b4e6ffa80a22e7b84f)] -> xpath: //button[@id='toggle-hp-search']]]]>
            </line>
            <line>
              <![CDATA[Entering Min Salary : [[ChromeDriver: chrome on WINDOWS (fb9a8f03cecfa2b4e6ffa80a22e7b84f)] -> xpath: //input[@id='salarymin']]]]>
            </line>
            <line>
              <![CDATA[Entering Max Salary : [[ChromeDriver: chrome on WINDOWS (fb9a8f03cecfa2b4e6ffa80a22e7b84f)] -> xpath: //input[@id='salarymax']]]]>
            </line>
            <line>
              <![CDATA[Selecting Salary Type : Per annum]]>
            </line>
            <line>
              <![CDATA[Selecting Job Type : Contract]]>
            </line>
            <line>
              <![CDATA[Clicking on Find Job Button : [[ChromeDriver: chrome on WINDOWS (fb9a8f03cecfa2b4e6ffa80a22e7b84f)] -> xpath: //input[@id='hp-search-btn']]]]>
            </line>
            <line>
              <![CDATA[Verifying Test Results [[ChromeDriver: chrome on WINDOWS (fb9a8f03cecfa2b4e6ffa80a22e7b84f)] -> xpath: //h1[@class='search-header__title']]]]>
            </line>
          </reporter-output>
        </test-method> <!-- verifyJobSearchResultUsingDifferentDataSet1 -->
        <test-method status="PASS" signature="tearDown()[pri:0, instance:uk.co.library.testsuite.JobSearchTest@1f7030a6]" name="tearDown" is-config="true" duration-ms="1161" started-at="2022-05-10T21:12:37 BST" finished-at="2022-05-10T21:12:39 BST">
          <reporter-output>
          </reporter-output>
        </test-method> <!-- tearDown -->
        <test-method status="PASS" signature="setUp()[pri:0, instance:uk.co.library.testsuite.JobSearchTest@1f7030a6]" name="setUp" is-config="true" duration-ms="4274" started-at="2022-05-10T21:12:39 BST" finished-at="2022-05-10T21:12:43 BST">
          <reporter-output>
          </reporter-output>
        </test-method> <!-- setUp -->
        <test-method status="PASS" signature="inIt()[pri:0, instance:uk.co.library.testsuite.JobSearchTest@1f7030a6]" name="inIt" is-config="true" duration-ms="2" started-at="2022-05-10T21:12:43 BST" finished-at="2022-05-10T21:12:43 BST">
          <reporter-output>
          </reporter-output>
        </test-method> <!-- inIt -->
        <test-method status="PASS" signature="verifyJobSearchResultUsingDifferentDataSet1(java.lang.String,java.lang.String,java.lang.String,java.lang.String,java.lang.String,java.lang.String,java.lang.String,java.lang.String)[pri:0, instance:uk.co.library.testsuite.JobSearchTest@1f7030a6]" name="verifyJobSearchResultUsingDifferentDataSet1" duration-ms="47595" started-at="2022-05-10T21:12:43 BST" data-provider="jobData" finished-at="2022-05-10T21:13:31 BST">
          <params>
            <param index="0">
              <value>
                <![CDATA[Manual Tester]]>
              </value>
            </param>
            <param index="1">
              <value>
                <![CDATA[Slough]]>
              </value>
            </param>
            <param index="2">
              <value>
                <![CDATA[up to 10 miles]]>
              </value>
            </param>
            <param index="3">
              <value>
                <![CDATA[35000]]>
              </value>
            </param>
            <param index="4">
              <value>
                <![CDATA[50000]]>
              </value>
            </param>
            <param index="5">
              <value>
                <![CDATA[Per annum]]>
              </value>
            </param>
            <param index="6">
              <value>
                <![CDATA[Permanent]]>
              </value>
            </param>
            <param index="7">
              <value>
                <![CDATA[Permanent Retail Manager jobs in Slough]]>
              </value>
            </param>
          </params>
          <reporter-output>
            <line>
              <![CDATA[Accepting all cookies : Proxy element for: DefaultElementLocator 'By.xpath: //button[@id='save']']]>
            </line>
            <line>
              <![CDATA[Entering Job Title : [[ChromeDriver: chrome on WINDOWS (55070f89926cbc1e09859fc142c0869c)] -> xpath: (//input[@id='keywords'])[1]]]]>
            </line>
            <line>
              <![CDATA[Entering Location : [[ChromeDriver: chrome on WINDOWS (55070f89926cbc1e09859fc142c0869c)] -> xpath: //input[@id='location']]]]>
            </line>
            <line>
              <![CDATA[Selecting Distance : [[ChromeDriver: chrome on WINDOWS (55070f89926cbc1e09859fc142c0869c)] -> xpath: //select[@id='distance']]]]>
            </line>
            <line>
              <![CDATA[Clicking on More Search Options : [[ChromeDriver: chrome on WINDOWS (55070f89926cbc1e09859fc142c0869c)] -> xpath: //button[@id='toggle-hp-search']]]]>
            </line>
            <line>
              <![CDATA[Entering Min Salary : [[ChromeDriver: chrome on WINDOWS (55070f89926cbc1e09859fc142c0869c)] -> xpath: //input[@id='salarymin']]]]>
            </line>
            <line>
              <![CDATA[Entering Max Salary : [[ChromeDriver: chrome on WINDOWS (55070f89926cbc1e09859fc142c0869c)] -> xpath: //input[@id='salarymax']]]]>
            </line>
            <line>
              <![CDATA[Selecting Salary Type : Per annum]]>
            </line>
            <line>
              <![CDATA[Selecting Job Type : Permanent]]>
            </line>
            <line>
              <![CDATA[Clicking on Find Job Button : [[ChromeDriver: chrome on WINDOWS (55070f89926cbc1e09859fc142c0869c)] -> xpath: //input[@id='hp-search-btn']]]]>
            </line>
            <line>
              <![CDATA[Verifying Test Results [[ChromeDriver: chrome on WINDOWS (55070f89926cbc1e09859fc142c0869c)] -> xpath: //h1[@class='search-header__title']]]]>
            </line>
          </reporter-output>
        </test-method> <!-- verifyJobSearchResultUsingDifferentDataSet1 -->
        <test-method status="PASS" signature="tearDown()[pri:0, instance:uk.co.library.testsuite.JobSearchTest@1f7030a6]" name="tearDown" is-config="true" duration-ms="1084" started-at="2022-05-10T21:13:31 BST" finished-at="2022-05-10T21:13:32 BST">
          <reporter-output>
          </reporter-output>
        </test-method> <!-- tearDown -->
        <test-method status="PASS" signature="setUp()[pri:0, instance:uk.co.library.testsuite.JobSearchTest@1f7030a6]" name="setUp" is-config="true" duration-ms="3952" started-at="2022-05-10T21:13:32 BST" finished-at="2022-05-10T21:13:36 BST">
          <reporter-output>
          </reporter-output>
        </test-method> <!-- setUp -->
        <test-method status="PASS" signature="inIt()[pri:0, instance:uk.co.library.testsuite.JobSearchTest@1f7030a6]" name="inIt" is-config="true" duration-ms="12" started-at="2022-05-10T21:13:36 BST" finished-at="2022-05-10T21:13:36 BST">
          <reporter-output>
          </reporter-output>
        </test-method> <!-- inIt -->
        <test-method status="PASS" signature="verifyJobSearchResultUsingDifferentDataSet1(java.lang.String,java.lang.String,java.lang.String,java.lang.String,java.lang.String,java.lang.String,java.lang.String,java.lang.String)[pri:0, instance:uk.co.library.testsuite.JobSearchTest@1f7030a6]" name="verifyJobSearchResultUsingDifferentDataSet1" duration-ms="48527" started-at="2022-05-10T21:13:36 BST" data-provider="jobData" finished-at="2022-05-10T21:14:24 BST">
          <params>
            <param index="0">
              <value>
                <![CDATA[Automation Tester]]>
              </value>
            </param>
            <param index="1">
              <value>
                <![CDATA[London]]>
              </value>
            </param>
            <param index="2">
              <value>
                <![CDATA[up to 7 miles]]>
              </value>
            </param>
            <param index="3">
              <value>
                <![CDATA[400]]>
              </value>
            </param>
            <param index="4">
              <value>
                <![CDATA[700]]>
              </value>
            </param>
            <param index="5">
              <value>
                <![CDATA[Per day]]>
              </value>
            </param>
            <param index="6">
              <value>
                <![CDATA[Contract]]>
              </value>
            </param>
            <param index="7">
              <value>
                <![CDATA[Contract Automation Tester jobs in London]]>
              </value>
            </param>
          </params>
          <reporter-output>
            <line>
              <![CDATA[Accepting all cookies : Proxy element for: DefaultElementLocator 'By.xpath: //button[@id='save']']]>
            </line>
            <line>
              <![CDATA[Entering Job Title : [[ChromeDriver: chrome on WINDOWS (0087f0afb93475d1b1537715ba5d204a)] -> xpath: (//input[@id='keywords'])[1]]]]>
            </line>
            <line>
              <![CDATA[Entering Location : [[ChromeDriver: chrome on WINDOWS (0087f0afb93475d1b1537715ba5d204a)] -> xpath: //input[@id='location']]]]>
            </line>
            <line>
              <![CDATA[Selecting Distance : [[ChromeDriver: chrome on WINDOWS (0087f0afb93475d1b1537715ba5d204a)] -> xpath: //select[@id='distance']]]]>
            </line>
            <line>
              <![CDATA[Clicking on More Search Options : [[ChromeDriver: chrome on WINDOWS (0087f0afb93475d1b1537715ba5d204a)] -> xpath: //button[@id='toggle-hp-search']]]]>
            </line>
            <line>
              <![CDATA[Entering Min Salary : [[ChromeDriver: chrome on WINDOWS (0087f0afb93475d1b1537715ba5d204a)] -> xpath: //input[@id='salarymin']]]]>
            </line>
            <line>
              <![CDATA[Entering Max Salary : [[ChromeDriver: chrome on WINDOWS (0087f0afb93475d1b1537715ba5d204a)] -> xpath: //input[@id='salarymax']]]]>
            </line>
            <line>
              <![CDATA[Selecting Salary Type : Per day]]>
            </line>
            <line>
              <![CDATA[Selecting Job Type : Contract]]>
            </line>
            <line>
              <![CDATA[Clicking on Find Job Button : [[ChromeDriver: chrome on WINDOWS (0087f0afb93475d1b1537715ba5d204a)] -> xpath: //input[@id='hp-search-btn']]]]>
            </line>
            <line>
              <![CDATA[Verifying Test Results [[ChromeDriver: chrome on WINDOWS (0087f0afb93475d1b1537715ba5d204a)] -> xpath: //h1[@class='search-header__title']]]]>
            </line>
          </reporter-output>
        </test-method> <!-- verifyJobSearchResultUsingDifferentDataSet1 -->
        <test-method status="PASS" signature="tearDown()[pri:0, instance:uk.co.library.testsuite.JobSearchTest@1f7030a6]" name="tearDown" is-config="true" duration-ms="1096" started-at="2022-05-10T21:14:24 BST" finished-at="2022-05-10T21:14:25 BST">
          <reporter-output>
          </reporter-output>
        </test-method> <!-- tearDown -->
      </class> <!-- uk.co.library.testsuite.JobSearchTest -->
    </test> <!-- regression -->
  </suite> <!-- Regression Suite -->
</testng-results>
